<?xml version="1.0" encoding="UTF-8"?>
<!-- Generated by org.testng.reporters.JUnitReportReporter -->
<testsuite skipped="0" hostname="MACLTUS45747" name="APITesting.com.org.api.WheatherRequests" tests="1" failures="0" timestamp="13 Apr 2018 01:31:38 GMT" time="1.615" errors="0">
  <testcase name="Test_01" time="1.615" classname="APITesting.com.org.api.WheatherRequests"/>
</testsuite> <!-- APITesting.com.org.api.WheatherRequests -->
