<?xml version="1.0" encoding="UTF-8"?>
<!-- Generated by org.testng.reporters.JUnitReportReporter -->
<testsuite skipped="0" hostname="MACLTUS45747" name="APITesting.com.org.api.WheatherRequests" tests="1" failures="0" timestamp="14 Apr 2018 20:24:00 GMT" time="1.201" errors="0">
  <testcase name="Test_01" time="1.201" classname="APITesting.com.org.api.WheatherRequests"/>
</testsuite> <!-- APITesting.com.org.api.WheatherRequests -->
